<?xml version="1.0" encoding="UTF-8"?>
<!-- Generated by org.testng.reporters.JUnitXMLReporter -->
<testsuite ignored="0" hostname="ZHumphrey-SP6i7-intern" failures="1" tests="7" name="Command line test" time="0.119" errors="0" timestamp="2021-09-27T20:24:48 CDT">
  <testcase classname="test.TweetCollectionTest" name="testAddTweet" time="0.015"/>
  <testcase classname="test.TweetCollectionTest" name="testDuplicateTweetFunctionality" time="0.005">
    <failure type="java.lang.AssertionError" message="did not expect [xvZi3CL7Ze2ekD6CqlaI1ememTKVIfbsir0jGcPZpqxC23xN10sfPNqFYJ6u7vVkzW4W6FEqzscsEyoTtUHIHdRG8RxAItKF5JNo] but found [xvZi3CL7Ze2ekD6CqlaI1ememTKVIfbsir0jGcPZpqxC23xN10sfPNqFYJ6u7vVkzW4W6FEqzscsEyoTtUHIHdRG8RxAItKF5JNo]">
      <![CDATA[java.lang.AssertionError: did not expect [xvZi3CL7Ze2ekD6CqlaI1ememTKVIfbsir0jGcPZpqxC23xN10sfPNqFYJ6u7vVkzW4W6FEqzscsEyoTtUHIHdRG8RxAItKF5JNo] but found [xvZi3CL7Ze2ekD6CqlaI1ememTKVIfbsir0jGcPZpqxC23xN10sfPNqFYJ6u7vVkzW4W6FEqzscsEyoTtUHIHdRG8RxAItKF5JNo]
at project1/test.TweetCollectionTest.testDuplicateTweetFunctionality(TweetCollectionTest.java:106)
at java.base/java.util.ArrayList.forEach(ArrayList.java:1511)
at project1/test.Main.main(Main.java:15)
... Removed 29 stack frames]]>
    </failure>
  </testcase> <!-- testDuplicateTweetFunctionality -->
  <testcase classname="test.TweetCollectionTest" name="testGetAllTweetIds" time="0.006"/>
  <testcase classname="test.TweetCollectionTest" name="testGetTweetById" time="0.005"/>
  <testcase classname="test.TweetCollectionTest" name="testGetTweetsByUser" time="0.003"/>
  <testcase classname="test.TweetCollectionTest" name="testRandomFunctionsFromTweetCollection" time="0.003"/>
  <testcase classname="test.TweetCollectionTest" name="testRemoveTweet" time="0.002"/>
</testsuite> <!-- Command line test -->
